<!DOCTYPE html>
<html>
<head>
<meta http-equiv="Content-Type" content="text/html; charset=utf-8"/>
<meta http-equiv="x-ua-compatible" content="IE=edge"/>
<title>Test results - AccountsControllerTest</title>
<link href="../css/base-style.css" rel="stylesheet" type="text/css"/>
<link href="../css/style.css" rel="stylesheet" type="text/css"/>
<script src="../js/report.js" type="text/javascript"></script>
</head>
<body>
<div id="content">
<h1>AccountsControllerTest</h1>
<div class="breadcrumbs">
<a href="../index.html">all</a> &gt; 
<a href="../packages/com.dws.challenge.html">com.dws.challenge</a> &gt; AccountsControllerTest</div>
<div id="summary">
<table>
<tr>
<td>
<div class="summaryGroup">
<table>
<tr>
<td>
<div class="infoBox" id="tests">
<div class="counter">8</div>
<p>tests</p>
</div>
</td>
<td>
<div class="infoBox" id="failures">
<div class="counter">0</div>
<p>failures</p>
</div>
</td>
<td>
<div class="infoBox" id="ignored">
<div class="counter">0</div>
<p>ignored</p>
</div>
</td>
<td>
<div class="infoBox" id="duration">
<div class="counter">0.880s</div>
<p>duration</p>
</div>
</td>
</tr>
</table>
</div>
</td>
<td>
<div class="infoBox success" id="successRate">
<div class="percent">100%</div>
<p>successful</p>
</div>
</td>
</tr>
</table>
</div>
<div id="tabs">
<ul class="tabLinks">
<li>
<a href="#tab0">Tests</a>
</li>
<li>
<a href="#tab1">Standard output</a>
</li>
</ul>
<div id="tab0" class="tab">
<h2>Tests</h2>
<table>
<thead>
<tr>
<th>Test</th>
<th>Duration</th>
<th>Result</th>
</tr>
</thead>
<tr>
<td class="success">createAccount()</td>
<td class="success">0.033s</td>
<td class="success">passed</td>
</tr>
<tr>
<td class="success">createAccountEmptyAccountId()</td>
<td class="success">0.013s</td>
<td class="success">passed</td>
</tr>
<tr>
<td class="success">createAccountNegativeBalance()</td>
<td class="success">0.010s</td>
<td class="success">passed</td>
</tr>
<tr>
<td class="success">createAccountNoAccountId()</td>
<td class="success">0.006s</td>
<td class="success">passed</td>
</tr>
<tr>
<td class="success">createAccountNoBalance()</td>
<td class="success">0.005s</td>
<td class="success">passed</td>
</tr>
<tr>
<td class="success">createAccountNoBody()</td>
<td class="success">0.005s</td>
<td class="success">passed</td>
</tr>
<tr>
<td class="success">createDuplicateAccount()</td>
<td class="success">0.786s</td>
<td class="success">passed</td>
</tr>
<tr>
<td class="success">getAccount()</td>
<td class="success">0.022s</td>
<td class="success">passed</td>
</tr>
</table>
</div>
<div id="tab1" class="tab">
<h2>Standard output</h2>
<span class="code">
<pre>17:58:22.999 [Test worker] INFO org.springframework.test.context.support.AnnotationConfigContextLoaderUtils -- Could not detect default configuration classes for test class [com.dws.challenge.AccountsControllerTest]: AccountsControllerTest does not declare any static, non-private, non-final, nested classes annotated with @Configuration.
17:58:23.060 [Test worker] INFO org.springframework.boot.test.context.SpringBootTestContextBootstrapper -- Found @SpringBootConfiguration com.dws.challenge.ChallengeApplication for test class com.dws.challenge.AccountsControllerTest

  .   ____          _            __ _ _
 /\\ / ___'_ __ _ _(_)_ __  __ _ \ \ \ \
( ( )\___ | '_ | '_| | '_ \/ _` | \ \ \ \
 \\/  ___)| |_)| | | | | || (_| |  ) ) ) )
  '  |____| .__|_| |_|_| |_\__, | / / / /
 =========|_|==============|___/=/_/_/_/

 :: Spring Boot ::                (v3.3.5)

2024-11-18T17:58:23.294+05:30  INFO 26686 --- [    Test worker] c.dws.challenge.AccountsControllerTest   : Starting AccountsControllerTest using Java 17.0.11 with PID 26686 (started by subhash in /home/subhash/Desktop/src (2)/src)
2024-11-18T17:58:23.296+05:30  INFO 26686 --- [    Test worker] c.dws.challenge.AccountsControllerTest   : No active profile set, falling back to 1 default profile: &quot;default&quot;
2024-11-18T17:58:24.046+05:30  INFO 26686 --- [    Test worker] c.dws.challenge.AccountsControllerTest   : Started AccountsControllerTest in 0.906 seconds (process running for 1.569)
2024-11-18T17:58:24.713+05:30  INFO 26686 --- [    Test worker] o.s.b.t.m.w.SpringBootMockServletContext : Initializing Spring TestDispatcherServlet ''
2024-11-18T17:58:24.713+05:30  INFO 26686 --- [    Test worker] o.s.t.web.servlet.TestDispatcherServlet  : Initializing Servlet ''
2024-11-18T17:58:24.715+05:30  INFO 26686 --- [    Test worker] o.s.t.web.servlet.TestDispatcherServlet  : Completed initialization in 1 ms
2024-11-18T17:58:24.825+05:30  INFO 26686 --- [    Test worker] c.dws.challenge.web.AccountsController   : Creating account Account(accountId=Id-123, balance=1000)
2024-11-18T17:58:24.835+05:30  INFO 26686 --- [    Test worker] c.dws.challenge.web.AccountsController   : Creating account Account(accountId=Id-123, balance=1000)
2024-11-18T17:58:24.848+05:30  INFO 26686 --- [    Test worker] o.s.b.t.m.w.SpringBootMockServletContext : Initializing Spring TestDispatcherServlet ''
2024-11-18T17:58:24.848+05:30  INFO 26686 --- [    Test worker] o.s.t.web.servlet.TestDispatcherServlet  : Initializing Servlet ''
2024-11-18T17:58:24.849+05:30  INFO 26686 --- [    Test worker] o.s.t.web.servlet.TestDispatcherServlet  : Completed initialization in 1 ms
2024-11-18T17:58:24.851+05:30  INFO 26686 --- [    Test worker] c.dws.challenge.web.AccountsController   : Retrieving account for id Id-1731932904849
2024-11-18T17:58:24.871+05:30  INFO 26686 --- [    Test worker] o.s.b.t.m.w.SpringBootMockServletContext : Initializing Spring TestDispatcherServlet ''
2024-11-18T17:58:24.871+05:30  INFO 26686 --- [    Test worker] o.s.t.web.servlet.TestDispatcherServlet  : Initializing Servlet ''
2024-11-18T17:58:24.872+05:30  INFO 26686 --- [    Test worker] o.s.t.web.servlet.TestDispatcherServlet  : Completed initialization in 1 ms
2024-11-18T17:58:24.880+05:30  WARN 26686 --- [    Test worker] .w.s.m.s.DefaultHandlerExceptionResolver : Resolved [org.springframework.web.bind.MethodArgumentNotValidException: Validation failed for argument [0] in public org.springframework.http.ResponseEntity&lt;java.lang.Object&gt; com.dws.challenge.web.AccountsController.createAccount(com.dws.challenge.domain.Account): [Field error in object 'account' on field 'balance': rejected value [-1000]; codes [Min.account.balance,Min.balance,Min.java.math.BigDecimal,Min]; arguments [org.springframework.context.support.DefaultMessageSourceResolvable: codes [account.balance,balance]; arguments []; default message [balance],0]; default message [Initial balance must be positive.]] ]
2024-11-18T17:58:24.883+05:30  INFO 26686 --- [    Test worker] o.s.b.t.m.w.SpringBootMockServletContext : Initializing Spring TestDispatcherServlet ''
2024-11-18T17:58:24.883+05:30  INFO 26686 --- [    Test worker] o.s.t.web.servlet.TestDispatcherServlet  : Initializing Servlet ''
2024-11-18T17:58:24.884+05:30  INFO 26686 --- [    Test worker] o.s.t.web.servlet.TestDispatcherServlet  : Completed initialization in 1 ms
2024-11-18T17:58:24.893+05:30  WARN 26686 --- [    Test worker] .w.s.m.s.DefaultHandlerExceptionResolver : Resolved [org.springframework.web.bind.MethodArgumentNotValidException: Validation failed for argument [0] in public org.springframework.http.ResponseEntity&lt;java.lang.Object&gt; com.dws.challenge.web.AccountsController.createAccount(com.dws.challenge.domain.Account): [Field error in object 'account' on field 'accountId': rejected value []; codes [NotEmpty.account.accountId,NotEmpty.accountId,NotEmpty.java.lang.String,NotEmpty]; arguments [org.springframework.context.support.DefaultMessageSourceResolvable: codes [account.accountId,accountId]; arguments []; default message [accountId]]; default message [must not be empty]] ]
2024-11-18T17:58:24.897+05:30  INFO 26686 --- [    Test worker] o.s.b.t.m.w.SpringBootMockServletContext : Initializing Spring TestDispatcherServlet ''
2024-11-18T17:58:24.897+05:30  INFO 26686 --- [    Test worker] o.s.t.web.servlet.TestDispatcherServlet  : Initializing Servlet ''
2024-11-18T17:58:24.898+05:30  INFO 26686 --- [    Test worker] o.s.t.web.servlet.TestDispatcherServlet  : Completed initialization in 0 ms
2024-11-18T17:58:24.900+05:30  WARN 26686 --- [    Test worker] .w.s.m.s.DefaultHandlerExceptionResolver : Resolved [org.springframework.http.converter.HttpMessageNotReadableException: Required request body is missing: public org.springframework.http.ResponseEntity&lt;java.lang.Object&gt; com.dws.challenge.web.AccountsController.createAccount(com.dws.challenge.domain.Account)]
2024-11-18T17:58:24.903+05:30  INFO 26686 --- [    Test worker] o.s.b.t.m.w.SpringBootMockServletContext : Initializing Spring TestDispatcherServlet ''
2024-11-18T17:58:24.903+05:30  INFO 26686 --- [    Test worker] o.s.t.web.servlet.TestDispatcherServlet  : Initializing Servlet ''
2024-11-18T17:58:24.904+05:30  INFO 26686 --- [    Test worker] o.s.t.web.servlet.TestDispatcherServlet  : Completed initialization in 1 ms
2024-11-18T17:58:24.905+05:30  INFO 26686 --- [    Test worker] c.dws.challenge.web.AccountsController   : Creating account Account(accountId=Id-123, balance=1000)
2024-11-18T17:58:24.938+05:30  INFO 26686 --- [    Test worker] o.s.b.t.m.w.SpringBootMockServletContext : Initializing Spring TestDispatcherServlet ''
2024-11-18T17:58:24.938+05:30  INFO 26686 --- [    Test worker] o.s.t.web.servlet.TestDispatcherServlet  : Initializing Servlet ''
2024-11-18T17:58:24.939+05:30  INFO 26686 --- [    Test worker] o.s.t.web.servlet.TestDispatcherServlet  : Completed initialization in 1 ms
2024-11-18T17:58:24.941+05:30  WARN 26686 --- [    Test worker] .w.s.m.s.DefaultHandlerExceptionResolver : Resolved [org.springframework.web.bind.MethodArgumentNotValidException: Validation failed for argument [0] in public org.springframework.http.ResponseEntity&lt;java.lang.Object&gt; com.dws.challenge.web.AccountsController.createAccount(com.dws.challenge.domain.Account) with 2 errors: [Field error in object 'account' on field 'accountId': rejected value [null]; codes [NotEmpty.account.accountId,NotEmpty.accountId,NotEmpty.java.lang.String,NotEmpty]; arguments [org.springframework.context.support.DefaultMessageSourceResolvable: codes [account.accountId,accountId]; arguments []; default message [accountId]]; default message [must not be empty]] [Field error in object 'account' on field 'accountId': rejected value [null]; codes [NotNull.account.accountId,NotNull.accountId,NotNull.java.lang.String,NotNull]; arguments [org.springframework.context.support.DefaultMessageSourceResolvable: codes [account.accountId,accountId]; arguments []; default message [accountId]]; default message [must not be null]] ]
2024-11-18T17:58:24.945+05:30  INFO 26686 --- [    Test worker] o.s.b.t.m.w.SpringBootMockServletContext : Initializing Spring TestDispatcherServlet ''
2024-11-18T17:58:24.946+05:30  INFO 26686 --- [    Test worker] o.s.t.web.servlet.TestDispatcherServlet  : Initializing Servlet ''
2024-11-18T17:58:24.946+05:30  INFO 26686 --- [    Test worker] o.s.t.web.servlet.TestDispatcherServlet  : Completed initialization in 0 ms
2024-11-18T17:58:24.948+05:30  WARN 26686 --- [    Test worker] .w.s.m.s.DefaultHandlerExceptionResolver : Resolved [org.springframework.web.bind.MethodArgumentNotValidException: Validation failed for argument [0] in public org.springframework.http.ResponseEntity&lt;java.lang.Object&gt; com.dws.challenge.web.AccountsController.createAccount(com.dws.challenge.domain.Account): [Field error in object 'account' on field 'balance': rejected value [null]; codes [NotNull.account.balance,NotNull.balance,NotNull.java.math.BigDecimal,NotNull]; arguments [org.springframework.context.support.DefaultMessageSourceResolvable: codes [account.balance,balance]; arguments []; default message [balance]]; default message [must not be null]] ]
</pre>
</span>
</div>
</div>
<div id="footer">
<p>
<div>
<label class="hidden" id="label-for-line-wrapping-toggle" for="line-wrapping-toggle">Wrap lines
<input id="line-wrapping-toggle" type="checkbox" autocomplete="off"/>
</label>
</div>Generated by 
<a href="http://www.gradle.org">Gradle 8.10.2</a> at 18-Nov-2024, 5:58:25 pm</p>
</div>
</div>
</body>
</html>
